#
# A fatal error has been detected by the Java Runtime Environment:
#
#  EXCEPTION_ACCESS_VIOLATION (0xc0000005) at pc=0x0000000077ac4d7a, pid=1780, tid=6540
#
# JRE version: Java(TM) SE Runtime Environment (7.0_75-b13) (build 1.7.0_75-b13)
# Java VM: Java HotSpot(TM) 64-Bit Server VM (24.75-b04 mixed mode windows-amd64 compressed oops)
# Problematic frame:
# C  [ntdll.dll+0x24d7a]
#
# Failed to write core dump. Minidumps are not enabled by default on client versions of Windows
#
# If you would like to submit a bug report, please visit:
#   http://bugreport.sun.com/bugreport/crash.jsp
#

---------------  T H R E A D  ---------------

Current thread (0x0000000008baa000):  JavaThread "C2 CompilerThread1" daemon [_thread_in_vm, id=6540, stack(0x000000000a4c0000,0x000000000a5c0000)]

siginfo: ExceptionCode=0xc0000005, reading address 0xffffffffffffffff

Registers:
RAX=0x0000000000000000, RBX=0x0000000000250000, RCX=0x0000000000000afc, RDX=0x0000000000100000
RSP=0x000000000a5bee80, RBP=0x0000000077bb0400, RSI=0x000000000c746070, RDI=0x0900060009000000
R8 =0x00000000000003ff, R9 =0x0000000000254878, R10=0x0000000000250158, R11=0x0000000000254860
R12=0x0000000000000afc, R13=0x0000000000000afc, R14=0x0000000000000000, R15=0x000000000b7f0000
RIP=0x0000000077ac4d7a, EFLAGS=0x0000000000010206

Top of Stack: (sp=0x000000000a5bee80)
0x000000000a5bee80:   0000000000000000 0000000000000000
0x000000000a5bee90:   0000000000000000 0000000000000000
0x000000000a5beea0:   0000000000000000 0000000000000000
0x000000000a5beeb0:   0000000000000000 0000000000000000
0x000000000a5beec0:   00000000c408cc00 0000000000000000
0x000000000a5beed0:   0000000002000002 0000000000000000
0x000000000a5beee0:   0000000000000000 0000000008b48bf0
0x000000000a5beef0:   0000000000000006 0000000000000000
0x000000000a5bef00:   0000000000000000 0000000000000000
0x000000000a5bef10:   0000000000000000 0000000000000000
0x000000000a5bef20:   000000000be5edc0 0000000000000001
0x000000000a5bef30:   0000000000250000 000000000c746070
0x000000000a5bef40:   000000000c746070 0000000077ac5140
0x000000000a5bef50:   0000000000000afc 000000005ffe20da
0x000000000a5bef60:   0000000000000000 0000000000000afc
0x000000000a5bef70:   0000000008bb7860 0000000060014e7e 

Instructions: (pc=0x0000000077ac4d7a)
0x0000000077ac4d5a:   ff ff 41 83 7b 0c 00 74 02 03 ff 49 8b 43 30 48
0x0000000077ac4d6a:   8b 3c f8 4c 3b d7 74 41 85 d2 0f 84 7e 4b 04 00
0x0000000077ac4d7a:   8b 47 f8 8b 53 7c 85 d0 0f 84 67 4b 04 00 33 83
0x0000000077ac4d8a:   88 00 00 00 89 44 24 60 0f b7 44 24 60 0f b7 c0 


Register to memory mapping:

RAX=0x0000000000000000 is an unknown value
RBX=0x0000000000250000 is an unknown value
RCX=0x0000000000000afc is an unknown value
RDX=0x0000000000100000 is an unknown value
RSP=0x000000000a5bee80 is pointing into the stack for thread: 0x0000000008baa000
RBP=0x0000000077bb0400 is an unknown value
RSI=0x000000000c746070 is an unknown value
RDI=0x0900060009000000 is an unknown value
R8 =0x00000000000003ff is an unknown value
R9 =0x0000000000254878 is an unknown value
R10=0x0000000000250158 is an unknown value
R11=0x0000000000254860 is an unknown value
R12=0x0000000000000afc is an unknown value
R13=0x0000000000000afc is an unknown value
R14=0x0000000000000000 is an unknown value
R15=0x000000000b7f0000 is an unknown value


Stack: [0x000000000a4c0000,0x000000000a5c0000],  sp=0x000000000a5bee80,  free space=1019k
Native frames: (J=compiled Java code, j=interpreted, Vv=VM code, C=native code)
C  [ntdll.dll+0x24d7a]


Current CompileTask:
C2:  15960  601             com.sun.org.apache.xerces.internal.dom.DeferredDocumentImpl::createNode (46 bytes)


---------------  P R O C E S S  ---------------

Java Threads: ( => current thread )
  0x000000000af54800 JavaThread "File lock request listener" [_thread_in_native, id=5372, stack(0x000000000d040000,0x000000000d140000)]
  0x000000000a95c800 JavaThread "Stdin handler" [_thread_blocked, id=3752, stack(0x000000000d140000,0x000000000d240000)]
  0x000000000a891000 JavaThread "Daemon worker" [_thread_in_Java, id=2164, stack(0x000000000cda0000,0x000000000cea0000)]
  0x000000000b0ea000 JavaThread "Cancel handler" [_thread_blocked, id=688, stack(0x000000000cf40000,0x000000000d040000)]
  0x000000000a94b000 JavaThread "Handler for socket connection from /127.0.0.1:52022 to /127.0.0.1:52023" [_thread_in_native, id=5252, stack(0x000000000cc80000,0x000000000cd80000)]
  0x000000000a9e2000 JavaThread "Daemon" [_thread_blocked, id=4892, stack(0x000000000cab0000,0x000000000cbb0000)]
  0x000000000b0c1800 JavaThread "Incoming local TCP Connector on port 52022" [_thread_in_native, id=6760, stack(0x000000000c980000,0x000000000ca80000)]
  0x0000000008baf000 JavaThread "Service Thread" daemon [_thread_blocked, id=4392, stack(0x000000000a230000,0x000000000a330000)]
=>0x0000000008baa000 JavaThread "C2 CompilerThread1" daemon [_thread_in_vm, id=6540, stack(0x000000000a4c0000,0x000000000a5c0000)]
  0x0000000008ba7800 JavaThread "C2 CompilerThread0" daemon [_thread_in_native, id=7240, stack(0x000000000a370000,0x000000000a470000)]
  0x0000000008ba4800 JavaThread "Attach Listener" daemon [_thread_blocked, id=4776, stack(0x0000000009cb0000,0x0000000009db0000)]
  0x0000000008b9f800 JavaThread "Signal Dispatcher" daemon [_thread_blocked, id=5172, stack(0x000000000a130000,0x000000000a230000)]
  0x0000000008b45000 JavaThread "Finalizer" daemon [_thread_blocked, id=6728, stack(0x0000000009f20000,0x000000000a020000)]
  0x0000000008b3e000 JavaThread "Reference Handler" daemon [_thread_blocked, id=7388, stack(0x0000000009dd0000,0x0000000009ed0000)]
  0x000000000025e000 JavaThread "main" [_thread_blocked, id=5164, stack(0x0000000002370000,0x0000000002470000)]

Other Threads:
  0x0000000008b3a800 VMThread [stack: 0x0000000009b60000,0x0000000009c60000] [id=3692]
  0x0000000008bb8800 WatcherThread [stack: 0x000000000a650000,0x000000000a750000] [id=7244]

VM state:not at safepoint (normal execution)

VM Mutex/Monitor currently owned by a thread: None

Heap
 PSYoungGen      total 203776K, used 150423K [0x00000000eaa80000, 0x00000000ff000000, 0x0000000100000000)
  eden space 196608K, 72% used [0x00000000eaa80000,0x00000000f36696b0,0x00000000f6a80000)
  from space 7168K, 99% used [0x00000000f6a80000,0x00000000f717c6e0,0x00000000f7180000)
  to   space 9216K, 0% used [0x00000000fe700000,0x00000000fe700000,0x00000000ff000000)
 ParOldGen       total 42496K, used 19189K [0x00000000c0000000, 0x00000000c2980000, 0x00000000eaa80000)
  object space 42496K, 45% used [0x00000000c0000000,0x00000000c12bd7a0,0x00000000c2980000)
 PSPermGen       total 29184K, used 28863K [0x00000000b0000000, 0x00000000b1c80000, 0x00000000c0000000)
  object space 29184K, 98% used [0x00000000b0000000,0x00000000b1c2ff28,0x00000000b1c80000)

Card table byte_map: [0x0000000005530000,0x00000000057c0000] byte_map_base: 0x0000000004fb0000

Polling page: 0x0000000000230000

Code Cache  [0x0000000002470000, 0x0000000002760000, 0x0000000005470000)
 total_blobs=1141 nmethods=572 adapters=521 free_code_cache=46227Kb largest_free_block=47286784

Compilation events (10 events):
Event: 15.904 Thread 0x0000000008baa000 nmethod 596 0x000000000272e610 code [0x000000000272e760, 0x000000000272e9f8]
Event: 15.908 Thread 0x0000000008ba7800  598             java.util.Hashtable::rehash (168 bytes)
Event: 15.912 Thread 0x0000000008baa000  599             com.sun.org.apache.xerces.internal.dom.DeferredDocumentImpl::clearChunkIndex (57 bytes)
Event: 15.914 Thread 0x0000000008ba7800 nmethod 598 0x00000000026910d0 code [0x0000000002691260, 0x0000000002691648]
Event: 15.914 Thread 0x0000000008baa000 nmethod 599 0x000000000272e2d0 code [0x000000000272e420, 0x000000000272e518]
Event: 15.915 Thread 0x0000000008ba7800  600             java.util.AbstractCollection::addAll (42 bytes)
Event: 15.917 Thread 0x0000000008ba7800 nmethod 600 0x0000000002752710 code [0x0000000002752860, 0x0000000002752958]
Event: 15.937 Thread 0x0000000008baa000  601             com.sun.org.apache.xerces.internal.dom.DeferredDocumentImpl::createNode (46 bytes)
Event: 15.937 Thread 0x0000000008ba7800  602             com.sun.org.apache.xerces.internal.dom.DeferredDocumentImpl::ensureCapacity (358 bytes)
Event: 15.939 Thread 0x0000000008baa000 nmethod 601 0x0000000002691c90 code [0x0000000002691de0, 0x0000000002692048]

GC Heap History (10 events):
Event: 9.139 GC heap before
{Heap before GC invocations=7 (full 0):
 PSYoungGen      total 68096K, used 66575K [0x00000000eaa80000, 0x00000000ef480000, 0x0000000100000000)
  eden space 61440K, 100% used [0x00000000eaa80000,0x00000000ee680000,0x00000000ee680000)
  from space 6656K, 77% used [0x00000000eee00000,0x00000000ef303f70,0x00000000ef480000)
  to   space 7168K, 0% used [0x00000000ee680000,0x00000000ee680000,0x00000000eed80000)
 ParOldGen       total 42496K, used 9864K [0x00000000c0000000, 0x00000000c2980000, 0x00000000eaa80000)
  object space 42496K, 23% used [0x00000000c0000000,0x00000000c09a20c8,0x00000000c2980000)
 PSPermGen       total 21504K, used 20551K [0x00000000b0000000, 0x00000000b1500000, 0x00000000c0000000)
  object space 21504K, 95% used [0x00000000b0000000,0x00000000b1411d18,0x00000000b1500000)
Event: 9.150 GC heap after
Heap after GC invocations=7 (full 0):
 PSYoungGen      total 68608K, used 3288K [0x00000000eaa80000, 0x00000000f3080000, 0x0000000100000000)
  eden space 61440K, 0% used [0x00000000eaa80000,0x00000000eaa80000,0x00000000ee680000)
  from space 7168K, 45% used [0x00000000ee680000,0x00000000ee9b60f0,0x00000000eed80000)
  to   space 7168K, 0% used [0x00000000f2980000,0x00000000f2980000,0x00000000f3080000)
 ParOldGen       total 42496K, used 10628K [0x00000000c0000000, 0x00000000c2980000, 0x00000000eaa80000)
  object space 42496K, 25% used [0x00000000c0000000,0x00000000c0a61178,0x00000000c2980000)
 PSPermGen       total 21504K, used 20551K [0x00000000b0000000, 0x00000000b1500000, 0x00000000c0000000)
  object space 21504K, 95% used [0x00000000b0000000,0x00000000b1411d18,0x00000000b1500000)
}
Event: 10.023 GC heap before
{Heap before GC invocations=8 (full 0):
 PSYoungGen      total 68608K, used 64728K [0x00000000eaa80000, 0x00000000f3080000, 0x0000000100000000)
  eden space 61440K, 100% used [0x00000000eaa80000,0x00000000ee680000,0x00000000ee680000)
  from space 7168K, 45% used [0x00000000ee680000,0x00000000ee9b60f0,0x00000000eed80000)
  to   space 7168K, 0% used [0x00000000f2980000,0x00000000f2980000,0x00000000f3080000)
 ParOldGen       total 42496K, used 10628K [0x00000000c0000000, 0x00000000c2980000, 0x00000000eaa80000)
  object space 42496K, 25% used [0x00000000c0000000,0x00000000c0a61178,0x00000000c2980000)
 PSPermGen       total 22528K, used 22498K [0x00000000b0000000, 0x00000000b1600000, 0x00000000c0000000)
  object space 22528K, 99% used [0x00000000b0000000,0x00000000b15f89f8,0x00000000b1600000)
Event: 10.032 GC heap after
Heap after GC invocations=8 (full 0):
 PSYoungGen      total 130048K, used 4872K [0x00000000eaa80000, 0x00000000f3080000, 0x0000000100000000)
  eden space 122880K, 0% used [0x00000000eaa80000,0x00000000eaa80000,0x00000000f2280000)
  from space 7168K, 67% used [0x00000000f2980000,0x00000000f2e42008,0x00000000f3080000)
  to   space 7168K, 0% used [0x00000000f2280000,0x00000000f2280000,0x00000000f2980000)
 ParOldGen       total 42496K, used 11902K [0x00000000c0000000, 0x00000000c2980000, 0x00000000eaa80000)
  object space 42496K, 28% used [0x00000000c0000000,0x00000000c0b9f9f8,0x00000000c2980000)
 PSPermGen       total 22528K, used 22498K [0x00000000b0000000, 0x00000000b1600000, 0x00000000c0000000)
  object space 22528K, 99% used [0x00000000b0000000,0x00000000b15f89f8,0x00000000b1600000)
}
Event: 10.829 GC heap before
{Heap before GC invocations=9 (full 0):
 PSYoungGen      total 130048K, used 127752K [0x00000000eaa80000, 0x00000000f3080000, 0x0000000100000000)
  eden space 122880K, 100% used [0x00000000eaa80000,0x00000000f2280000,0x00000000f2280000)
  from space 7168K, 67% used [0x00000000f2980000,0x00000000f2e42008,0x00000000f3080000)
  to   space 7168K, 0% used [0x00000000f2280000,0x00000000f2280000,0x00000000f2980000)
 ParOldGen       total 42496K, used 11902K [0x00000000c0000000, 0x00000000c2980000, 0x00000000eaa80000)
  object space 42496K, 28% used [0x00000000c0000000,0x00000000c0b9f9f8,0x00000000c2980000)
 PSPermGen       total 23040K, used 22528K [0x00000000b0000000, 0x00000000b1680000, 0x00000000c0000000)
  object space 23040K, 97% used [0x00000000b0000000,0x00000000b1600050,0x00000000b1680000)
Event: 10.837 GC heap after
Heap after GC invocations=9 (full 0):
 PSYoungGen      total 130048K, used 2768K [0x00000000eaa80000, 0x00000000f7880000, 0x0000000100000000)
  eden space 122880K, 0% used [0x00000000eaa80000,0x00000000eaa80000,0x00000000f2280000)
  from space 7168K, 38% used [0x00000000f2280000,0x00000000f2534010,0x00000000f2980000)
  to   space 7168K, 0% used [0x00000000f7180000,0x00000000f7180000,0x00000000f7880000)
 ParOldGen       total 42496K, used 13553K [0x00000000c0000000, 0x00000000c2980000, 0x00000000eaa80000)
  object space 42496K, 31% used [0x00000000c0000000,0x00000000c0d3c790,0x00000000c2980000)
 PSPermGen       total 23040K, used 22528K [0x00000000b0000000, 0x00000000b1680000, 0x00000000c0000000)
  object space 23040K, 97% used [0x00000000b0000000,0x00000000b1600050,0x00000000b1680000)
}
Event: 11.836 GC heap before
{Heap before GC invocations=10 (full 0):
 PSYoungGen      total 130048K, used 125648K [0x00000000eaa80000, 0x00000000f7880000, 0x0000000100000000)
  eden space 122880K, 100% used [0x00000000eaa80000,0x00000000f2280000,0x00000000f2280000)
  from space 7168K, 38% used [0x00000000f2280000,0x00000000f2534010,0x00000000f2980000)
  to   space 7168K, 0% used [0x00000000f7180000,0x00000000f7180000,0x00000000f7880000)
 ParOldGen       total 42496K, used 13553K [0x00000000c0000000, 0x00000000c2980000, 0x00000000eaa80000)
  object space 42496K, 31% used [0x00000000c0000000,0x00000000c0d3c790,0x00000000c2980000)
 PSPermGen       total 23040K, used 23029K [0x00000000b0000000, 0x00000000b1680000, 0x00000000c0000000)
  object space 23040K, 99% used [0x00000000b0000000,0x00000000b167d510,0x00000000b1680000)
Event: 11.873 GC heap after
Heap after GC invocations=10 (full 0):
 PSYoungGen      total 203776K, used 3490K [0x00000000eaa80000, 0x00000000f7880000, 0x0000000100000000)
  eden space 196608K, 0% used [0x00000000eaa80000,0x00000000eaa80000,0x00000000f6a80000)
  from space 7168K, 48% used [0x00000000f7180000,0x00000000f74e8bc8,0x00000000f7880000)
  to   space 7168K, 0% used [0x00000000f6a80000,0x00000000f6a80000,0x00000000f7180000)
 ParOldGen       total 42496K, used 15720K [0x00000000c0000000, 0x00000000c2980000, 0x00000000eaa80000)
  object space 42496K, 36% used [0x00000000c0000000,0x00000000c0f5a3a0,0x00000000c2980000)
 PSPermGen       total 23040K, used 23029K [0x00000000b0000000, 0x00000000b1680000, 0x00000000c0000000)
  object space 23040K, 99% used [0x00000000b0000000,0x00000000b167d510,0x00000000b1680000)
}
Event: 13.941 GC heap before
{Heap before GC invocations=11 (full 0):
 PSYoungGen      total 203776K, used 200098K [0x00000000eaa80000, 0x00000000f7880000, 0x0000000100000000)
  eden space 196608K, 100% used [0x00000000eaa80000,0x00000000f6a80000,0x00000000f6a80000)
  from space 7168K, 48% used [0x00000000f7180000,0x00000000f74e8bc8,0x00000000f7880000)
  to   space 7168K, 0% used [0x00000000f6a80000,0x00000000f6a80000,0x00000000f7180000)
 ParOldGen       total 42496K, used 15720K [0x00000000c0000000, 0x00000000c2980000, 0x00000000eaa80000)
  object space 42496K, 36% used [0x00000000c0000000,0x00000000c0f5a3a0,0x00000000c2980000)
 PSPermGen       total 25600K, used 25452K [0x00000000b0000000, 0x00000000b1900000, 0x00000000c0000000)
  object space 25600K, 99% used [0x00000000b0000000,0x00000000b18db3d8,0x00000000b1900000)
Event: 14.492 GC heap after
Heap after GC invocations=11 (full 0):
 PSYoungGen      total 203776K, used 7153K [0x00000000eaa80000, 0x00000000ff000000, 0x0000000100000000)
  eden space 196608K, 0% used [0x00000000eaa80000,0x00000000eaa80000,0x00000000f6a80000)
  from space 7168K, 99% used [0x00000000f6a80000,0x00000000f717c6e0,0x00000000f7180000)
  to   space 9216K, 0% used [0x00000000fe700000,0x00000000fe700000,0x00000000ff000000)
 ParOldGen       total 42496K, used 19189K [0x00000000c0000000, 0x00000000c2980000, 0x00000000eaa80000)
  object space 42496K, 45% used [0x00000000c0000000,0x00000000c12bd7a0,0x00000000c2980000)
 PSPermGen       total 25600K, used 25452K [0x00000000b0000000, 0x00000000b1900000, 0x00000000c0000000)
  object space 25600K, 99% used [0x00000000b0000000,0x00000000b18db3d8,0x00000000b1900000)
}

Deoptimization events (10 events):
Event: 15.496 Thread 0x000000000a891000 Uncommon trap: reason=unreached action=reinterpret pc=0x0000000002530058 method=java.lang.AbstractStringBuilder.append(Ljava/lang/String;)Ljava/lang/AbstractStringBuilder; @ 1
Event: 15.592 Thread 0x000000000a891000 Uncommon trap: reason=class_check action=maybe_recompile pc=0x000000000271cc00 method=java.util.regex.Pattern$Curly.match(Ljava/util/regex/Matcher;ILjava/lang/CharSequence;)Z @ 19
Event: 15.611 Thread 0x000000000a891000 Uncommon trap: reason=class_check action=maybe_recompile pc=0x000000000268fa00 method=java.util.HashSet.contains(Ljava/lang/Object;)Z @ 5
Event: 15.612 Thread 0x000000000a891000 Uncommon trap: reason=class_check action=maybe_recompile pc=0x000000000268fa00 method=java.util.HashSet.contains(Ljava/lang/Object;)Z @ 5
Event: 15.612 Thread 0x000000000a891000 Uncommon trap: reason=class_check action=maybe_recompile pc=0x000000000268fa00 method=java.util.HashSet.contains(Ljava/lang/Object;)Z @ 5
Event: 15.612 Thread 0x000000000a891000 Uncommon trap: reason=class_check action=maybe_recompile pc=0x0000000002688edc method=java.util.regex.Pattern$Branch.match(Ljava/util/regex/Matcher;ILjava/lang/CharSequence;)Z @ 50
Event: 15.625 Thread 0x000000000a891000 Uncommon trap: reason=class_check action=maybe_recompile pc=0x000000000271cc00 method=java.util.regex.Pattern$Curly.match(Ljava/util/regex/Matcher;ILjava/lang/CharSequence;)Z @ 19
Event: 15.627 Thread 0x000000000a891000 Uncommon trap: reason=class_check action=maybe_recompile pc=0x0000000002688edc method=java.util.regex.Pattern$Branch.match(Ljava/util/regex/Matcher;ILjava/lang/CharSequence;)Z @ 50
Event: 15.669 Thread 0x000000000a891000 Uncommon trap: reason=null_check action=make_not_entrant pc=0x000000000268c150 method=com.sun.org.apache.xerces.internal.dom.DeferredDocumentImpl.clearChunkValue([[Ljava/lang/Object;II)Ljava/lang/String; @ 11
Event: 15.675 Thread 0x000000000a891000 Uncommon trap: reason=class_check action=maybe_recompile pc=0x0000000002688edc method=java.util.regex.Pattern$Branch.match(Ljava/util/regex/Matcher;ILjava/lang/CharSequence;)Z @ 50

Internal exceptions (10 events):
Event: 15.716 Thread 0x000000000a891000 Threw 0x00000000f3048ab0 at C:\re\jdk7u75\1940\hotspot\src\share\vm\prims\jvm.cpp:1281
Event: 15.717 Thread 0x000000000a891000 Threw 0x00000000f304cfe8 at C:\re\jdk7u75\1940\hotspot\src\share\vm\prims\jvm.cpp:1281
Event: 15.717 Thread 0x000000000a891000 Threw 0x00000000f304ddf0 at C:\re\jdk7u75\1940\hotspot\src\share\vm\prims\jvm.cpp:1281
Event: 15.717 Thread 0x000000000a891000 Threw 0x00000000f3054d98 at C:\re\jdk7u75\1940\hotspot\src\share\vm\prims\jvm.cpp:1281
Event: 15.717 Thread 0x000000000a891000 Threw 0x00000000f3058c50 at C:\re\jdk7u75\1940\hotspot\src\share\vm\prims\jvm.cpp:1281
Event: 15.717 Thread 0x000000000a891000 Threw 0x00000000f3059930 at C:\re\jdk7u75\1940\hotspot\src\share\vm\prims\jvm.cpp:1281
Event: 15.717 Thread 0x000000000a891000 Threw 0x00000000f305f310 at C:\re\jdk7u75\1940\hotspot\src\share\vm\prims\jvm.cpp:1281
Event: 15.718 Thread 0x000000000a891000 Threw 0x00000000f3063fc0 at C:\re\jdk7u75\1940\hotspot\src\share\vm\prims\jvm.cpp:1281
Event: 15.718 Thread 0x000000000a891000 Threw 0x00000000f3064fa0 at C:\re\jdk7u75\1940\hotspot\src\share\vm\prims\jvm.cpp:1281
Event: 15.718 Thread 0x000000000a891000 Threw 0x00000000f306e198 at C:\re\jdk7u75\1940\hotspot\src\share\vm\prims\jvm.cpp:1281

Events (10 events):
Event: 15.716 loading class 0x000000000c3a85a0
Event: 15.716 loading class 0x000000000c3a85a0 done
Event: 15.717 loading class 0x000000000d45e0d0
Event: 15.717 loading class 0x000000000d45e0d0 done
Event: 15.717 loading class 0x000000000c78c3e0
Event: 15.717 loading class 0x000000000c78c3e0 done
Event: 15.718 loading class 0x000000000c3a86a0
Event: 15.718 loading class 0x000000000c3a86a0 done
Event: 15.730 Thread 0x0000000008baa000 flushing nmethod 0x0000000002686510
Event: 15.730 Thread 0x0000000008baa000 flushing nmethod 0x0000000002687590


Dynamic libraries:
0x000000013ffb0000 - 0x000000013ffe3000 	C:\Program Files\Java\jdk1.7.0_75\bin\java.exe
0x0000000077aa0000 - 0x0000000077c48000 	C:\Windows\SYSTEM32\ntdll.dll
0x0000000077880000 - 0x000000007799f000 	C:\Windows\system32\kernel32.dll
0x000007fefd950000 - 0x000007fefd9bc000 	C:\Windows\system32\KERNELBASE.dll
0x000007fefe0c0000 - 0x000007fefe19b000 	C:\Windows\system32\ADVAPI32.dll
0x000007feffa10000 - 0x000007feffaaf000 	C:\Windows\system32\msvcrt.dll
0x000007fefe020000 - 0x000007fefe03f000 	C:\Windows\SYSTEM32\sechost.dll
0x000007fefdc70000 - 0x000007fefdd9d000 	C:\Windows\system32\RPCRT4.dll
0x00000000779a0000 - 0x0000000077a9a000 	C:\Windows\system32\USER32.dll
0x000007feff920000 - 0x000007feff987000 	C:\Windows\system32\GDI32.dll
0x000007feffab0000 - 0x000007feffabe000 	C:\Windows\system32\LPK.dll
0x000007fefdda0000 - 0x000007fefde69000 	C:\Windows\system32\USP10.dll
0x000007fefc2c0000 - 0x000007fefc4b4000 	C:\Windows\WinSxS\amd64_microsoft.windows.common-controls_6595b64144ccf1df_6.0.7601.18807_none_fa381d5f175bfb52\COMCTL32.dll
0x000007feff990000 - 0x000007feffa01000 	C:\Windows\system32\SHLWAPI.dll
0x000007fefe5f0000 - 0x000007fefe61e000 	C:\Windows\system32\IMM32.DLL
0x000007fefe1a0000 - 0x000007fefe2a9000 	C:\Windows\system32\MSCTF.dll
0x000000005ffc0000 - 0x0000000060092000 	C:\Program Files\Java\jdk1.7.0_75\jre\bin\msvcr100.dll
0x0000000059860000 - 0x000000005a034000 	C:\Program Files\Java\jdk1.7.0_75\jre\bin\server\jvm.dll
0x000007fef8cf0000 - 0x000007fef8cf9000 	C:\Windows\system32\WSOCK32.dll
0x000007fefdc20000 - 0x000007fefdc6d000 	C:\Windows\system32\WS2_32.dll
0x000007fefe310000 - 0x000007fefe318000 	C:\Windows\system32\NSI.dll
0x000007fefb850000 - 0x000007fefb88b000 	C:\Windows\system32\WINMM.dll
0x0000000077c70000 - 0x0000000077c77000 	C:\Windows\system32\PSAPI.DLL
0x0000000068150000 - 0x000000006815f000 	C:\Program Files\Java\jdk1.7.0_75\jre\bin\verify.dll
0x0000000068120000 - 0x0000000068148000 	C:\Program Files\Java\jdk1.7.0_75\jre\bin\java.dll
0x0000000068100000 - 0x0000000068115000 	C:\Program Files\Java\jdk1.7.0_75\jre\bin\zip.dll
0x00000000680e0000 - 0x00000000680f9000 	C:\Program Files\Java\jdk1.7.0_75\jre\bin\net.dll
0x000007fefd000000 - 0x000007fefd055000 	C:\Windows\system32\mswsock.dll
0x000007fefcff0000 - 0x000007fefcff7000 	C:\Windows\System32\wship6.dll
0x00000000680c0000 - 0x00000000680d1000 	C:\Program Files\Java\jdk1.7.0_75\jre\bin\nio.dll
0x000007fefd060000 - 0x000007fefd078000 	C:\Windows\system32\CRYPTSP.dll
0x000007fefcd60000 - 0x000007fefcda7000 	C:\Windows\system32\rsaenh.dll
0x000007fefd880000 - 0x000007fefd89e000 	C:\Windows\system32\USERENV.dll
0x000007fefd870000 - 0x000007fefd87f000 	C:\Windows\system32\profapi.dll
0x000007fefd700000 - 0x000007fefd70f000 	C:\Windows\system32\CRYPTBASE.dll
0x000007fefa980000 - 0x000007fefa9a7000 	C:\Windows\system32\IPHLPAPI.DLL
0x000007fefa960000 - 0x000007fefa96b000 	C:\Windows\system32\WINNSI.DLL
0x000007fefa6b0000 - 0x000007fefa6c8000 	C:\Windows\system32\dhcpcsvc.DLL
0x000007fefa690000 - 0x000007fefa6a1000 	C:\Windows\system32\dhcpcsvc6.DLL
0x000007fef7380000 - 0x000007fef7392000 	C:\Users\Xingke\AppData\Local\Temp\native-platform5483980450320609547dir\native-platform.dll
0x000007fefd6a0000 - 0x000007fefd6f7000 	C:\Windows\system32\apphelp.dll
0x000007fef35c0000 - 0x000007fef36e5000 	C:\Windows\system32\dbghelp.dll

VM Arguments:
jvm_args: -XX:MaxPermSize=256m -XX:+HeapDumpOnOutOfMemoryError -Xmx1024m -Dfile.encoding=windows-1252 -Duser.country=CO -Duser.language=es -Duser.variant 
java_command: org.gradle.launcher.daemon.bootstrap.GradleDaemon 2.2.1 C:\Users\Xingke\.gradle\daemon 10800000 8800323b-a701-4b61-97a1-071e71ffd4df -XX:MaxPermSize=256m -XX:+HeapDumpOnOutOfMemoryError -Xmx1024m -Dfile.encoding=windows-1252 -Duser.country=CO -Duser.language=es -Duser.variant
Launcher Type: SUN_STANDARD

Environment Variables:
PATH=C:\Xilinx\10.1\ISE\bin\nt64;C:\Xilinx\10.1\ISE\lib\nt64;C:\Xilinx\10.1\ISE\smartmodel\nt\installed_nt\lib\pcnt.lib;C:\Program Files (x86)\Intel\iCLS Client\;C:\Program Files\Intel\iCLS Client\;C:\Windows\system32;C:\Windows;C:\Windows\System32\Wbem;C:\Windows\System32\WindowsPowerShell\v1.0\;C:\Program Files\Intel\WiFi\bin\;C:\Program Files\Common Files\Intel\WirelessCommon\;C:\Program Files (x86)\Intel\OpenCL SDK\2.0\bin\x86;C:\Program Files (x86)\Intel\OpenCL SDK\2.0\bin\x64;C:\Program Files\Intel\Intel(R) Management Engine Components\DAL;C:\Program Files\Intel\Intel(R) Management Engine Components\IPT;C:\Program Files (x86)\Intel\Intel(R) Management Engine Components\DAL;C:\Program Files (x86)\Intel\Intel(R) Management Engine Components\IPT;C:\Program Files\Condusiv Technologies\ExpressCache\;C:\Program Files\Calibre2\;C:\Program Files\Java\jdk1.7.0_75\bin\;C:\Program Files (x86)\Skype\Phone\;C:\Program Files\Intel\WiFi\bin\;C:\Program Files\Common Files\Intel\WirelessCommon\
USERNAME=Xingke
OS=Windows_NT
PROCESSOR_IDENTIFIER=Intel64 Family 6 Model 58 Stepping 9, GenuineIntel



---------------  S Y S T E M  ---------------

OS: Windows 7 , 64 bit Build 7601 Service Pack 1

CPU:total 4 (2 cores per cpu, 2 threads per core) family 6 model 58 stepping 9, cmov, cx8, fxsr, mmx, sse, sse2, sse3, ssse3, sse4.1, sse4.2, popcnt, avx, aes, erms, ht, tsc, tscinvbit, tscinv

Memory: 4k page, physical 4073288k(577396k free), swap 8144724k(3342836k free)

vm_info: Java HotSpot(TM) 64-Bit Server VM (24.75-b04) for windows-amd64 JRE (1.7.0_75-b13), built on Dec 18 2014 17:15:01 by "java_re" with unknown MS VC++:1600

time: Sun May 24 12:45:50 2015
elapsed time: 15 seconds

